<?xml version="1.0" encoding="UTF-8"?>
<testsuite xmlns:xsi="http://www.w3.org/2001/XMLSchema-instance" xsi:noNamespaceSchemaLocation="https://maven.apache.org/surefire/maven-surefire-plugin/xsd/surefire-test-report.xsd" version="3.0.2" name="mx.rafex.sqlite.SqliteStatementTest" time="0.519" tests="64" errors="0" skipped="0" failures="0">
  <properties>
[...]
</properties>
  <testcase name="bindText_ok" classname="mx.rafex.sqlite.SqliteStatementTest" time="0.458"/>
  <testcase name="reset_afterClose_throws" classname="mx.rafex.sqlite.SqliteStatementTest" time="0.002"/>
  <testcase name="bindBlob_afterClose_throws" classname="mx.rafex.sqlite.SqliteStatementTest" time="0.001"/>
  <testcase name="bindInt_int_ok" classname="mx.rafex.sqlite.SqliteStatementTest" time="0.001"/>
  <testcase name="columnTextSafe_afterClose_throws" classname="mx.rafex.sqlite.SqliteStatementTest" time="0.001"/>
  <testcase name="columnName_ok" classname="mx.rafex.sqlite.SqliteStatementTest" time="0.001"/>
  <testcase name="bindDouble_afterClose_throws" classname="mx.rafex.sqlite.SqliteStatementTest" time="0.001"/>
  <testcase name="close_withOnCloseCallback" classname="mx.rafex.sqlite.SqliteStatementTest" time="0.001"/>
  <testcase name="bindNull_afterClose_throws" classname="mx.rafex.sqlite.SqliteStatementTest" time="0.0"/>
  <testcase name="columnText_null_returnsNull" classname="mx.rafex.sqlite.SqliteStatementTest" time="0.0"/>
  <testcase name="bindBlob_null_bindsNull" classname="mx.rafex.sqlite.SqliteStatementTest" time="0.001"/>
  <testcase name="columnType_integerAndText" classname="mx.rafex.sqlite.SqliteStatementTest" time="0.001"/>
  <testcase name="parameterIndex_afterClose_throws" classname="mx.rafex.sqlite.SqliteStatementTest" time="0.002"/>
  <testcase name="step_afterClose_throws" classname="mx.rafex.sqlite.SqliteStatementTest" time="0.001"/>
  <testcase name="columnBlob_afterClose_throws" classname="mx.rafex.sqlite.SqliteStatementTest" time="0.001"/>
  <testcase name="columnCount_ok" classname="mx.rafex.sqlite.SqliteStatementTest" time="0.001"/>
  <testcase name="columnBlob_emptyBlob" classname="mx.rafex.sqlite.SqliteStatementTest" time="0.0"/>
  <testcase name="bindBlob_outOfRange_throws" classname="mx.rafex.sqlite.SqliteStatementTest" time="0.003"/>
  <testcase name="close_isIdempotent" classname="mx.rafex.sqlite.SqliteStatementTest" time="0.001"/>
  <testcase name="columnTextSafe_nonNull" classname="mx.rafex.sqlite.SqliteStatementTest" time="0.0"/>
  <testcase name="clearBindings_afterClose_throws" classname="mx.rafex.sqlite.SqliteStatementTest" time="0.001"/>
  <testcase name="reset_allowsReuse" classname="mx.rafex.sqlite.SqliteStatementTest" time="0.0"/>
  <testcase name="bindInt_long_ok" classname="mx.rafex.sqlite.SqliteStatementTest" time="0.0"/>
  <testcase name="columnType_blob" classname="mx.rafex.sqlite.SqliteStatementTest" time="0.001"/>
  <testcase name="reset_afterStepError_throws" classname="mx.rafex.sqlite.SqliteStatementTest" time="0.001"/>
  <testcase name="bindDouble_outOfRange_throws" classname="mx.rafex.sqlite.SqliteStatementTest" time="0.001"/>
  <testcase name="bindNull_outOfRange_throws" classname="mx.rafex.sqlite.SqliteStatementTest" time="0.002"/>
  <testcase name="columnInt_afterClose_throws" classname="mx.rafex.sqlite.SqliteStatementTest" time="0.001"/>
  <testcase name="columnInt_ok" classname="mx.rafex.sqlite.SqliteStatementTest" time="0.001"/>
  <testcase name="parameterIndex_unknownName_returnsZero" classname="mx.rafex.sqlite.SqliteStatementTest" time="0.0"/>
  <testcase name="parameterIndex_knownName" classname="mx.rafex.sqlite.SqliteStatementTest" time="0.001"/>
  <testcase name="stepAndDone_ok" classname="mx.rafex.sqlite.SqliteStatementTest" time="0.001"/>
  <testcase name="bindBlob_ok" classname="mx.rafex.sqlite.SqliteStatementTest" time="0.002"/>
  <testcase name="columnText_nonNull" classname="mx.rafex.sqlite.SqliteStatementTest" time="0.0"/>
  <testcase name="bindInt_afterClose_throws" classname="mx.rafex.sqlite.SqliteStatementTest" time="0.0"/>
  <testcase name="readInternalString_null_returnsNull" classname="mx.rafex.sqlite.SqliteStatementTest" time="0.001"/>
  <testcase name="stepAndDone_error_throws" classname="mx.rafex.sqlite.SqliteStatementTest" time="0.0"/>
  <testcase name="rawHandle_returnsNonNull" classname="mx.rafex.sqlite.SqliteStatementTest" time="0.001"/>
  <testcase name="stepAndDone_afterClose_throws" classname="mx.rafex.sqlite.SqliteStatementTest" time="0.001"/>
  <testcase name="columnDouble_afterClose_throws" classname="mx.rafex.sqlite.SqliteStatementTest" time="0.0"/>
  <testcase name="columnName_afterClose_throws" classname="mx.rafex.sqlite.SqliteStatementTest" time="0.001"/>
  <testcase name="bindInt_outOfRange_throws" classname="mx.rafex.sqlite.SqliteStatementTest" time="0.0"/>
  <testcase name="lastError_doesNotThrow" classname="mx.rafex.sqlite.SqliteStatementTest" time="0.0"/>
  <testcase name="columnText_emptyString" classname="mx.rafex.sqlite.SqliteStatementTest" time="0.001"/>
  <testcase name="stepAndDone_unexpectedRows_throws" classname="mx.rafex.sqlite.SqliteStatementTest" time="0.0"/>
  <testcase name="columnType_afterClose_throws" classname="mx.rafex.sqlite.SqliteStatementTest" time="0.001"/>
  <testcase name="readAndFreeString_null_returnsNull" classname="mx.rafex.sqlite.SqliteStatementTest" time="0.0"/>
  <testcase name="bindDouble_ok" classname="mx.rafex.sqlite.SqliteStatementTest" time="0.003"/>
  <testcase name="columnBytes_forText" classname="mx.rafex.sqlite.SqliteStatementTest" time="0.001"/>
  <testcase name="close_withoutOnCloseCallback" classname="mx.rafex.sqlite.SqliteStatementTest" time="0.0"/>
  <testcase name="bindText_afterClose_throws" classname="mx.rafex.sqlite.SqliteStatementTest" time="0.0"/>
  <testcase name="columnTextSafe_null_returnsNull" classname="mx.rafex.sqlite.SqliteStatementTest" time="0.001"/>
  <testcase name="step_error_throws" classname="mx.rafex.sqlite.SqliteStatementTest" time="0.0"/>
  <testcase name="parameterIndex_null_throws" classname="mx.rafex.sqlite.SqliteStatementTest" time="0.0"/>
  <testcase name="step_returnsTrue_whenRowAvailable" classname="mx.rafex.sqlite.SqliteStatementTest" time="0.001"/>
  <testcase name="columnBytes_afterClose_throws" classname="mx.rafex.sqlite.SqliteStatementTest" time="0.0"/>
  <testcase name="clearBindings_ok" classname="mx.rafex.sqlite.SqliteStatementTest" time="0.001"/>
  <testcase name="columnCount_afterClose_throws" classname="mx.rafex.sqlite.SqliteStatementTest" time="0.001"/>
  <testcase name="bindNull_ok" classname="mx.rafex.sqlite.SqliteStatementTest" time="0.0"/>
  <testcase name="columnText_afterClose_throws" classname="mx.rafex.sqlite.SqliteStatementTest" time="0.001"/>
  <testcase name="rawHandle_afterClose_throws" classname="mx.rafex.sqlite.SqliteStatementTest" time="0.001"/>
  <testcase name="bindText_null_bindsNull" classname="mx.rafex.sqlite.SqliteStatementTest" time="0.0"/>
  <testcase name="bindText_outOfRange_throws" classname="mx.rafex.sqlite.SqliteStatementTest" time="0.0"/>
  <testcase name="columnDouble_ok" classname="mx.rafex.sqlite.SqliteStatementTest" time="0.001"/>
</testsuite>